# HELP go_gc_duration_seconds A summary of the wall-time pause (stop-the-world) duration in garbage collection cycles.
# TYPE go_gc_duration_seconds summary
go_gc_duration_seconds{quantile="0"} 2.1753e-05
go_gc_duration_seconds{quantile="0.25"} 2.6534e-05
go_gc_duration_seconds{quantile="0.5"} 3.3406e-05
go_gc_duration_seconds{quantile="0.75"} 4.5763e-05
go_gc_duration_seconds{quantile="1"} 0.003584665
go_gc_duration_seconds_sum 0.152048576
go_gc_duration_seconds_count 1806
# HELP go_gc_gogc_percent Heap size target percentage configured by the user, otherwise 100. This value is set by the GOGC environment variable, and the runtime/debug.SetGCPercent function. Sourced from /gc/gogc:percent.
# TYPE go_gc_gogc_percent gauge
go_gc_gogc_percent 100
# HELP go_gc_gomemlimit_bytes Go runtime memory limit configured by the user, otherwise math.MaxInt64. This value is set by the GOMEMLIMIT environment variable, and the runtime/debug.SetMemoryLimit function. Sourced from /gc/gomemlimit:bytes.
# TYPE go_gc_gomemlimit_bytes gauge
go_gc_gomemlimit_bytes 9.223372036854776e+18
# HELP go_goroutines Number of goroutines that currently exist.
# TYPE go_goroutines gauge
go_goroutines 9
# HELP go_info Information about the Go environment.
# TYPE go_info gauge
go_info{version="go1.25.3"} 1
# HELP go_memstats_alloc_bytes Number of bytes allocated in heap and currently in use. Equals to /memory/classes/heap/objects:bytes.
# TYPE go_memstats_alloc_bytes gauge
go_memstats_alloc_bytes 2.589944e+06
# HELP go_memstats_alloc_bytes_total Total number of bytes allocated in heap until now, even if released already. Equals to /gc/heap/allocs:bytes.
# TYPE go_memstats_alloc_bytes_total counter
go_memstats_alloc_bytes_total 2.830612296e+09
# HELP go_memstats_buck_hash_sys_bytes Number of bytes used by the profiling bucket hash table. Equals to /memory/classes/profiling/buckets:bytes.
# TYPE go_memstats_buck_hash_sys_bytes gauge
go_memstats_buck_hash_sys_bytes 1.664563e+06
# HELP go_memstats_frees_total Total number of heap objects frees. Equals to /gc/heap/frees:objects + /gc/heap/tiny/allocs:objects.
# TYPE go_memstats_frees_total counter
go_memstats_frees_total 2.789924e+07
# HELP go_memstats_gc_sys_bytes Number of bytes used for garbage collection system metadata. Equals to /memory/classes/metadata/other:bytes.
# TYPE go_memstats_gc_sys_bytes gauge
go_memstats_gc_sys_bytes 3.31752e+06
# HELP go_memstats_heap_alloc_bytes Number of heap bytes allocated and currently in use, same as go_memstats_alloc_bytes. Equals to /memory/classes/heap/objects:bytes.
# TYPE go_memstats_heap_alloc_bytes gauge
go_memstats_heap_alloc_bytes 2.589944e+06
# HELP go_memstats_heap_idle_bytes Number of heap bytes waiting to be used. Equals to /memory/classes/heap/released:bytes + /memory/classes/heap/free:bytes.
# TYPE go_memstats_heap_idle_bytes gauge
go_memstats_heap_idle_bytes 3.948544e+06
# HELP go_memstats_heap_inuse_bytes Number of heap bytes that are in use. Equals to /memory/classes/heap/objects:bytes + /memory/classes/heap/unused:bytes
# TYPE go_memstats_heap_inuse_bytes gauge
go_memstats_heap_inuse_bytes 3.85024e+06
# HELP go_memstats_heap_objects Number of currently allocated objects. Equals to /gc/heap/objects:objects.
# TYPE go_memstats_heap_objects gauge
go_memstats_heap_objects 15444
# HELP go_memstats_heap_released_bytes Number of heap bytes released to OS. Equals to /memory/classes/heap/released:bytes.
# TYPE go_memstats_heap_released_bytes gauge
go_memstats_heap_released_bytes 3.055616e+06
# HELP go_memstats_heap_sys_bytes Number of heap bytes obtained from system. Equals to /memory/classes/heap/objects:bytes + /memory/classes/heap/unused:bytes + /memory/classes/heap/released:bytes + /memory/classes/heap/free:bytes.
# TYPE go_memstats_heap_sys_bytes gauge
go_memstats_heap_sys_bytes 7.798784e+06
# HELP go_memstats_last_gc_time_seconds Number of seconds since 1970 of last garbage collection.
# TYPE go_memstats_last_gc_time_seconds gauge
go_memstats_last_gc_time_seconds 1.7750571259678683e+09
# HELP go_memstats_mallocs_total Total number of heap objects allocated, both live and gc-ed. Semantically a counter version for go_memstats_heap_objects gauge. Equals to /gc/heap/allocs:objects + /gc/heap/tiny/allocs:objects.
# TYPE go_memstats_mallocs_total counter
go_memstats_mallocs_total 2.7914684e+07
# HELP go_memstats_mcache_inuse_bytes Number of bytes in use by mcache structures. Equals to /memory/classes/metadata/mcache/inuse:bytes.
# TYPE go_memstats_mcache_inuse_bytes gauge
go_memstats_mcache_inuse_bytes 1208
# HELP go_memstats_mcache_sys_bytes Number of bytes used for mcache structures obtained from system. Equals to /memory/classes/metadata/mcache/inuse:bytes + /memory/classes/metadata/mcache/free:bytes.
# TYPE go_memstats_mcache_sys_bytes gauge
go_memstats_mcache_sys_bytes 15704
# HELP go_memstats_mspan_inuse_bytes Number of bytes in use by mspan structures. Equals to /memory/classes/metadata/mspan/inuse:bytes.
# TYPE go_memstats_mspan_inuse_bytes gauge
go_memstats_mspan_inuse_bytes 61920
# HELP go_memstats_mspan_sys_bytes Number of bytes used for mspan structures obtained from system. Equals to /memory/classes/metadata/mspan/inuse:bytes + /memory/classes/metadata/mspan/free:bytes.
# TYPE go_memstats_mspan_sys_bytes gauge
go_memstats_mspan_sys_bytes 81600
# HELP go_memstats_next_gc_bytes Number of heap bytes when next garbage collection will take place. Equals to /gc/heap/goal:bytes.
# TYPE go_memstats_next_gc_bytes gauge
go_memstats_next_gc_bytes 4.67185e+06
# HELP go_memstats_other_sys_bytes Number of bytes used for other system allocations. Equals to /memory/classes/other:bytes.
# TYPE go_memstats_other_sys_bytes gauge
go_memstats_other_sys_bytes 776109
# HELP go_memstats_stack_inuse_bytes Number of bytes obtained from system for stack allocator in non-CGO environments. Equals to /memory/classes/heap/stacks:bytes.
# TYPE go_memstats_stack_inuse_bytes gauge
go_memstats_stack_inuse_bytes 589824
# HELP go_memstats_stack_sys_bytes Number of bytes obtained from system for stack allocator. Equals to /memory/classes/heap/stacks:bytes + /memory/classes/os-stacks:bytes.
# TYPE go_memstats_stack_sys_bytes gauge
go_memstats_stack_sys_bytes 589824
# HELP go_memstats_sys_bytes Number of bytes obtained from system. Equals to /memory/classes/total:byte.
# TYPE go_memstats_sys_bytes gauge
go_memstats_sys_bytes 1.4244104e+07
# HELP go_sched_gomaxprocs_threads The current runtime.GOMAXPROCS setting, or the number of operating system threads that can execute user-level Go code simultaneously. Sourced from /sched/gomaxprocs:threads.
# TYPE go_sched_gomaxprocs_threads gauge
go_sched_gomaxprocs_threads 1
# HELP go_threads Number of OS threads created.
# TYPE go_threads gauge
go_threads 6
# HELP node_arp_entries ARP entries by device
# TYPE node_arp_entries gauge
node_arp_entries{device="eth0"} 1
# HELP node_boot_time_seconds Node boot time, in unixtime.
# TYPE node_boot_time_seconds gauge
node_boot_time_seconds 1.775045646e+09
# HELP node_context_switches_total Total number of context switches.
# TYPE node_context_switches_total counter
node_context_switches_total 2.739505e+06
# HELP node_cooling_device_cur_state Current throttle state of the cooling device
# TYPE node_cooling_device_cur_state gauge
node_cooling_device_cur_state{name="0",type="Processor"} 0
node_cooling_device_cur_state{name="1",type="Processor"} 0
# HELP node_cooling_device_max_state Maximum throttle state of the cooling device
# TYPE node_cooling_device_max_state gauge
node_cooling_device_max_state{name="0",type="Processor"} 0
node_cooling_device_max_state{name="1",type="Processor"} 0
# HELP node_cpu_guest_seconds_total Seconds the CPUs spent in guests (VMs) for each mode.
# TYPE node_cpu_guest_seconds_total counter
node_cpu_guest_seconds_total{cpu="0",mode="nice"} 0
node_cpu_guest_seconds_total{cpu="0",mode="user"} 0
node_cpu_guest_seconds_total{cpu="1",mode="nice"} 0
node_cpu_guest_seconds_total{cpu="1",mode="user"} 0
# HELP node_cpu_seconds_total Seconds the CPUs spent in each mode.
# TYPE node_cpu_seconds_total counter
node_cpu_seconds_total{cpu="0",mode="idle"} 10974.02
node_cpu_seconds_total{cpu="0",mode="iowait"} 9.32
node_cpu_seconds_total{cpu="0",mode="irq"} 0
node_cpu_seconds_total{cpu="0",mode="nice"} 0.27
node_cpu_seconds_total{cpu="0",mode="softirq"} 13
node_cpu_seconds_total{cpu="0",mode="steal"} 0
node_cpu_seconds_total{cpu="0",mode="system"} 76.05
node_cpu_seconds_total{cpu="0",mode="user"} 65.95
node_cpu_seconds_total{cpu="1",mode="idle"} 11013.85
node_cpu_seconds_total{cpu="1",mode="iowait"} 6.24
node_cpu_seconds_total{cpu="1",mode="irq"} 0
node_cpu_seconds_total{cpu="1",mode="nice"} 0.12
node_cpu_seconds_total{cpu="1",mode="softirq"} 57.78
node_cpu_seconds_total{cpu="1",mode="steal"} 0
node_cpu_seconds_total{cpu="1",mode="system"} 62.62
node_cpu_seconds_total{cpu="1",mode="user"} 19.98
# HELP node_disk_discard_time_seconds_total This is the total number of seconds spent by all discards.
# TYPE node_disk_discard_time_seconds_total counter
node_disk_discard_time_seconds_total{device="sda"} 0
node_disk_discard_time_seconds_total{device="sr0"} 0
# HELP node_disk_discarded_sectors_total The total number of sectors discarded successfully.
# TYPE node_disk_discarded_sectors_total counter
node_disk_discarded_sectors_total{device="sda"} 0
node_disk_discarded_sectors_total{device="sr0"} 0
# HELP node_disk_discards_completed_total The total number of discards completed successfully.
# TYPE node_disk_discards_completed_total counter
node_disk_discards_completed_total{device="sda"} 0
node_disk_discards_completed_total{device="sr0"} 0
# HELP node_disk_discards_merged_total The total number of discards merged.
# TYPE node_disk_discards_merged_total counter
node_disk_discards_merged_total{device="sda"} 0
node_disk_discards_merged_total{device="sr0"} 0
# HELP node_disk_flush_requests_time_seconds_total This is the total number of seconds spent by all flush requests.
# TYPE node_disk_flush_requests_time_seconds_total counter
node_disk_flush_requests_time_seconds_total{device="sda"} 10.744
node_disk_flush_requests_time_seconds_total{device="sr0"} 0
# HELP node_disk_flush_requests_total The total number of flush requests completed successfully
# TYPE node_disk_flush_requests_total counter
node_disk_flush_requests_total{device="sda"} 3615
node_disk_flush_requests_total{device="sr0"} 0
# HELP node_disk_info Info of /sys/block/<block_device>.
# TYPE node_disk_info gauge
node_disk_info{device="sda",major="8",minor="0",model="",path="",revision="",rotational="1",serial="",wwn=""} 1
node_disk_info{device="sr0",major="11",minor="0",model="",path="",revision="",rotational="1",serial="",wwn=""} 1
# HELP node_disk_io_now The number of I/Os currently in progress.
# TYPE node_disk_io_now gauge
node_disk_io_now{device="sda"} 0
node_disk_io_now{device="sr0"} 0
# HELP node_disk_io_time_seconds_total Total seconds spent doing I/Os.
# TYPE node_disk_io_time_seconds_total counter
node_disk_io_time_seconds_total{device="sda"} 60.325
node_disk_io_time_seconds_total{device="sr0"} 0.11
# HELP node_disk_io_time_weighted_seconds_total The weighted # of seconds spent doing I/Os.
# TYPE node_disk_io_time_weighted_seconds_total counter
node_disk_io_time_weighted_seconds_total{device="sda"} 135.56
node_disk_io_time_weighted_seconds_total{device="sr0"} 0.094
# HELP node_disk_read_bytes_total The total number of bytes read successfully.
# TYPE node_disk_read_bytes_total counter
node_disk_read_bytes_total{device="sda"} 2.402271232e+09
node_disk_read_bytes_total{device="sr0"} 217088
# HELP node_disk_read_time_seconds_total The total number of seconds spent by all reads.
# TYPE node_disk_read_time_seconds_total counter
node_disk_read_time_seconds_total{device="sda"} 74.382
node_disk_read_time_seconds_total{device="sr0"} 0.094
# HELP node_disk_reads_completed_total The total number of reads completed successfully.
# TYPE node_disk_reads_completed_total counter
node_disk_reads_completed_total{device="sda"} 19423
node_disk_reads_completed_total{device="sr0"} 58
# HELP node_disk_reads_merged_total The total number of reads merged.
# TYPE node_disk_reads_merged_total counter
node_disk_reads_merged_total{device="sda"} 11186
node_disk_reads_merged_total{device="sr0"} 0
# HELP node_disk_write_time_seconds_total This is the total number of seconds spent by all writes.
# TYPE node_disk_write_time_seconds_total counter
node_disk_write_time_seconds_total{device="sda"} 50.433
node_disk_write_time_seconds_total{device="sr0"} 0
# HELP node_disk_writes_completed_total The total number of writes completed successfully.
# TYPE node_disk_writes_completed_total counter
node_disk_writes_completed_total{device="sda"} 12532
node_disk_writes_completed_total{device="sr0"} 0
# HELP node_disk_writes_merged_total The number of writes merged.
# TYPE node_disk_writes_merged_total counter
node_disk_writes_merged_total{device="sda"} 17071
node_disk_writes_merged_total{device="sr0"} 0
# HELP node_disk_written_bytes_total The total number of bytes written successfully.
# TYPE node_disk_written_bytes_total counter
node_disk_written_bytes_total{device="sda"} 2.91684352e+08
node_disk_written_bytes_total{device="sr0"} 0
# HELP node_dmi_info A metric with a constant '1' value labeled by bios_date, bios_release, bios_vendor, bios_version, board_asset_tag, board_name, board_serial, board_vendor, board_version, chassis_asset_tag, chassis_serial, chassis_vendor, chassis_version, product_family, product_name, product_serial, product_sku, product_uuid, product_version, system_vendor if provided by DMI.
# TYPE node_dmi_info gauge
node_dmi_info{bios_date="12/01/2006",bios_vendor="innotek GmbH",bios_version="VirtualBox",board_asset_tag="",board_name="VirtualBox",board_vendor="Oracle Corporation",board_version="1.2",chassis_asset_tag="",chassis_vendor="Oracle Corporation",chassis_version="",product_family="Virtual Machine",product_name="VirtualBox",product_sku="",product_version="1.2",system_vendor="innotek GmbH"} 1
# HELP node_entropy_available_bits Bits of available entropy.
# TYPE node_entropy_available_bits gauge
node_entropy_available_bits 256
# HELP node_entropy_pool_size_bits Bits of entropy pool.
# TYPE node_entropy_pool_size_bits gauge
node_entropy_pool_size_bits 256
# HELP node_exporter_build_info A metric with a constant '1' value labeled by version, revision, branch, goversion from which node_exporter was built, and the goos and goarch for the build.
# TYPE node_exporter_build_info gauge
node_exporter_build_info{branch="HEAD",goarch="amd64",goos="linux",goversion="go1.25.3",revision="654f19dee6a0c41de78a8d6d870e8c742cdb43b9",tags="unknown",version="1.10.2"} 1
# HELP node_filefd_allocated File descriptor statistics: allocated.
# TYPE node_filefd_allocated gauge
node_filefd_allocated 7567
# HELP node_filefd_maximum File descriptor statistics: maximum.
# TYPE node_filefd_maximum gauge
node_filefd_maximum 9.223372036854776e+18
# HELP node_filesystem_avail_bytes Filesystem space available to non-root users in bytes.
# TYPE node_filesystem_avail_bytes gauge
node_filesystem_avail_bytes{device="/dev/sda2",device_error="",fstype="ext4",mountpoint="/etc/hostname"} 1.4387744768e+10
node_filesystem_avail_bytes{device="/dev/sda2",device_error="",fstype="ext4",mountpoint="/etc/hosts"} 1.4387744768e+10
node_filesystem_avail_bytes{device="/dev/sda2",device_error="",fstype="ext4",mountpoint="/etc/resolv.conf"} 1.4387744768e+10
# HELP node_filesystem_device_error Whether an error occurred while getting statistics for the given device.
# TYPE node_filesystem_device_error gauge
node_filesystem_device_error{device="/dev/sda2",device_error="",fstype="ext4",mountpoint="/etc/hostname"} 0
node_filesystem_device_error{device="/dev/sda2",device_error="",fstype="ext4",mountpoint="/etc/hosts"} 0
node_filesystem_device_error{device="/dev/sda2",device_error="",fstype="ext4",mountpoint="/etc/resolv.conf"} 0
# HELP node_filesystem_files Filesystem total file nodes.
# TYPE node_filesystem_files gauge
node_filesystem_files{device="/dev/sda2",device_error="",fstype="ext4",mountpoint="/etc/hostname"} 1.6384e+06
node_filesystem_files{device="/dev/sda2",device_error="",fstype="ext4",mountpoint="/etc/hosts"} 1.6384e+06
node_filesystem_files{device="/dev/sda2",device_error="",fstype="ext4",mountpoint="/etc/resolv.conf"} 1.6384e+06
# HELP node_filesystem_files_free Filesystem total free file nodes.
# TYPE node_filesystem_files_free gauge
node_filesystem_files_free{device="/dev/sda2",device_error="",fstype="ext4",mountpoint="/etc/hostname"} 1.411413e+06
node_filesystem_files_free{device="/dev/sda2",device_error="",fstype="ext4",mountpoint="/etc/hosts"} 1.411413e+06
node_filesystem_files_free{device="/dev/sda2",device_error="",fstype="ext4",mountpoint="/etc/resolv.conf"} 1.411413e+06
# HELP node_filesystem_free_bytes Filesystem free space in bytes.
# TYPE node_filesystem_free_bytes gauge
node_filesystem_free_bytes{device="/dev/sda2",device_error="",fstype="ext4",mountpoint="/etc/hostname"} 1.574653952e+10
node_filesystem_free_bytes{device="/dev/sda2",device_error="",fstype="ext4",mountpoint="/etc/hosts"} 1.574653952e+10
node_filesystem_free_bytes{device="/dev/sda2",device_error="",fstype="ext4",mountpoint="/etc/resolv.conf"} 1.574653952e+10
# HELP node_filesystem_mount_info Filesystem mount information.
# TYPE node_filesystem_mount_info gauge
node_filesystem_mount_info{device="/dev/sda2",major="8",minor="2",mountpoint="/etc/hostname"} 1
node_filesystem_mount_info{device="/dev/sda2",major="8",minor="2",mountpoint="/etc/hosts"} 1
node_filesystem_mount_info{device="/dev/sda2",major="8",minor="2",mountpoint="/etc/resolv.conf"} 1
# HELP node_filesystem_purgeable_bytes Filesystem space available including purgeable space (MacOS specific).
# TYPE node_filesystem_purgeable_bytes gauge
node_filesystem_purgeable_bytes{device="/dev/sda2",device_error="",fstype="ext4",mountpoint="/etc/hostname"} 0
node_filesystem_purgeable_bytes{device="/dev/sda2",device_error="",fstype="ext4",mountpoint="/etc/hosts"} 0
node_filesystem_purgeable_bytes{device="/dev/sda2",device_error="",fstype="ext4",mountpoint="/etc/resolv.conf"} 0
# HELP node_filesystem_readonly Filesystem read-only status.
# TYPE node_filesystem_readonly gauge
node_filesystem_readonly{device="/dev/sda2",device_error="",fstype="ext4",mountpoint="/etc/hostname"} 0
node_filesystem_readonly{device="/dev/sda2",device_error="",fstype="ext4",mountpoint="/etc/hosts"} 0
node_filesystem_readonly{device="/dev/sda2",device_error="",fstype="ext4",mountpoint="/etc/resolv.conf"} 0
# HELP node_filesystem_size_bytes Filesystem size in bytes.
# TYPE node_filesystem_size_bytes gauge
node_filesystem_size_bytes{device="/dev/sda2",device_error="",fstype="ext4",mountpoint="/etc/hostname"} 2.623875072e+10
node_filesystem_size_bytes{device="/dev/sda2",device_error="",fstype="ext4",mountpoint="/etc/hosts"} 2.623875072e+10
node_filesystem_size_bytes{device="/dev/sda2",device_error="",fstype="ext4",mountpoint="/etc/resolv.conf"} 2.623875072e+10
# HELP node_forks_total Total number of forks.
# TYPE node_forks_total counter
node_forks_total 6438
# HELP node_hwmon_chip_names Annotation metric for human-readable chip names
# TYPE node_hwmon_chip_names gauge
node_hwmon_chip_names{chip="power_supply_ac",chip_name="ac"} 1
node_hwmon_chip_names{chip="power_supply_bat0",chip_name="bat0"} 1
# HELP node_hwmon_in_volts Hardware monitor for voltage (input)
# TYPE node_hwmon_in_volts gauge
node_hwmon_in_volts{chip="power_supply_bat0",sensor="in0"} 10
# HELP node_intr_total Total number of interrupts serviced.
# TYPE node_intr_total counter
node_intr_total 2.104287e+06
# HELP node_load1 1m load average.
# TYPE node_load1 gauge
node_load1 0.01
# HELP node_load15 15m load average.
# TYPE node_load15 gauge
node_load15 0
# HELP node_load5 5m load average.
# TYPE node_load5 gauge
node_load5 0.01
# HELP node_memory_Active_anon_bytes Memory information field Active_anon_bytes.
# TYPE node_memory_Active_anon_bytes gauge
node_memory_Active_anon_bytes 6.36133376e+08
# HELP node_memory_Active_bytes Memory information field Active_bytes.
# TYPE node_memory_Active_bytes gauge
node_memory_Active_bytes 1.15572736e+09
# HELP node_memory_Active_file_bytes Memory information field Active_file_bytes.
# TYPE node_memory_Active_file_bytes gauge
node_memory_Active_file_bytes 5.19593984e+08
# HELP node_memory_AnonHugePages_bytes Memory information field AnonHugePages_bytes.
# TYPE node_memory_AnonHugePages_bytes gauge
node_memory_AnonHugePages_bytes 0
# HELP node_memory_AnonPages_bytes Memory information field AnonPages_bytes.
# TYPE node_memory_AnonPages_bytes gauge
node_memory_AnonPages_bytes 9.33625856e+08
# HELP node_memory_Bounce_bytes Memory information field Bounce_bytes.
# TYPE node_memory_Bounce_bytes gauge
node_memory_Bounce_bytes 0
# HELP node_memory_Buffers_bytes Memory information field Buffers_bytes.
# TYPE node_memory_Buffers_bytes gauge
node_memory_Buffers_bytes 5.0388992e+07
# HELP node_memory_Cached_bytes Memory information field Cached_bytes.
# TYPE node_memory_Cached_bytes gauge
node_memory_Cached_bytes 1.542131712e+09
# HELP node_memory_CmaFree_bytes Memory information field CmaFree_bytes.
# TYPE node_memory_CmaFree_bytes gauge
node_memory_CmaFree_bytes 0
# HELP node_memory_CmaTotal_bytes Memory information field CmaTotal_bytes.
# TYPE node_memory_CmaTotal_bytes gauge
node_memory_CmaTotal_bytes 0
# HELP node_memory_CommitLimit_bytes Memory information field CommitLimit_bytes.
# TYPE node_memory_CommitLimit_bytes gauge
node_memory_CommitLimit_bytes 1.557946368e+09
# HELP node_memory_Committed_AS_bytes Memory information field Committed_AS_bytes.
# TYPE node_memory_Committed_AS_bytes gauge
node_memory_Committed_AS_bytes 5.985640448e+09
# HELP node_memory_DirectMap2M_bytes Memory information field DirectMap2M_bytes.
# TYPE node_memory_DirectMap2M_bytes gauge
node_memory_DirectMap2M_bytes 3.07232768e+09
# HELP node_memory_DirectMap4k_bytes Memory information field DirectMap4k_bytes.
# TYPE node_memory_DirectMap4k_bytes gauge
node_memory_DirectMap4k_bytes 1.48832256e+08
# HELP node_memory_Dirty_bytes Memory information field Dirty_bytes.
# TYPE node_memory_Dirty_bytes gauge
node_memory_Dirty_bytes 98304
# HELP node_memory_HardwareCorrupted_bytes Memory information field HardwareCorrupted_bytes.
# TYPE node_memory_HardwareCorrupted_bytes gauge
node_memory_HardwareCorrupted_bytes 0
# HELP node_memory_HugePages_Free Memory information field HugePages_Free.
# TYPE node_memory_HugePages_Free gauge
node_memory_HugePages_Free 0
# HELP node_memory_HugePages_Rsvd Memory information field HugePages_Rsvd.
# TYPE node_memory_HugePages_Rsvd gauge
node_memory_HugePages_Rsvd 0
# HELP node_memory_HugePages_Surp Memory information field HugePages_Surp.
# TYPE node_memory_HugePages_Surp gauge
node_memory_HugePages_Surp 0
# HELP node_memory_HugePages_Total Memory information field HugePages_Total.
# TYPE node_memory_HugePages_Total gauge
node_memory_HugePages_Total 0
# HELP node_memory_Hugepagesize_bytes Memory information field Hugepagesize_bytes.
# TYPE node_memory_Hugepagesize_bytes gauge
node_memory_Hugepagesize_bytes 2.097152e+06
# HELP node_memory_Inactive_anon_bytes Memory information field Inactive_anon_bytes.
# TYPE node_memory_Inactive_anon_bytes gauge
node_memory_Inactive_anon_bytes 3.38722816e+08
# HELP node_memory_Inactive_bytes Memory information field Inactive_bytes.
# TYPE node_memory_Inactive_bytes gauge
node_memory_Inactive_bytes 1.370365952e+09
# HELP node_memory_Inactive_file_bytes Memory information field Inactive_file_bytes.
# TYPE node_memory_Inactive_file_bytes gauge
node_memory_Inactive_file_bytes 1.031643136e+09
# HELP node_memory_KernelStack_bytes Memory information field KernelStack_bytes.
# TYPE node_memory_KernelStack_bytes gauge
node_memory_KernelStack_bytes 1.1157504e+07
# HELP node_memory_Mapped_bytes Memory information field Mapped_bytes.
# TYPE node_memory_Mapped_bytes gauge
node_memory_Mapped_bytes 5.00998144e+08
# HELP node_memory_MemAvailable_bytes Memory information field MemAvailable_bytes.
# TYPE node_memory_MemAvailable_bytes gauge
node_memory_MemAvailable_bytes 1.679609856e+09
# HELP node_memory_MemFree_bytes Memory information field MemFree_bytes.
# TYPE node_memory_MemFree_bytes gauge
node_memory_MemFree_bytes 2.33463808e+08
# HELP node_memory_MemTotal_bytes Memory information field MemTotal_bytes.
# TYPE node_memory_MemTotal_bytes gauge
node_memory_MemTotal_bytes 3.115892736e+09
# HELP node_memory_Mlocked_bytes Memory information field Mlocked_bytes.
# TYPE node_memory_Mlocked_bytes gauge
node_memory_Mlocked_bytes 16384
# HELP node_memory_NFS_Unstable_bytes Memory information field NFS_Unstable_bytes.
# TYPE node_memory_NFS_Unstable_bytes gauge
node_memory_NFS_Unstable_bytes 0
# HELP node_memory_PageTables_bytes Memory information field PageTables_bytes.
# TYPE node_memory_PageTables_bytes gauge
node_memory_PageTables_bytes 2.1721088e+07
# HELP node_memory_Percpu_bytes Memory information field Percpu_bytes.
# TYPE node_memory_Percpu_bytes gauge
node_memory_Percpu_bytes 1.744896e+06
# HELP node_memory_SReclaimable_bytes Memory information field SReclaimable_bytes.
# TYPE node_memory_SReclaimable_bytes gauge
node_memory_SReclaimable_bytes 6.8009984e+07
# HELP node_memory_SUnreclaim_bytes Memory information field SUnreclaim_bytes.
# TYPE node_memory_SUnreclaim_bytes gauge
node_memory_SUnreclaim_bytes 1.3817856e+08
# HELP node_memory_ShmemHugePages_bytes Memory information field ShmemHugePages_bytes.
# TYPE node_memory_ShmemHugePages_bytes gauge
node_memory_ShmemHugePages_bytes 0
# HELP node_memory_ShmemPmdMapped_bytes Memory information field ShmemPmdMapped_bytes.
# TYPE node_memory_ShmemPmdMapped_bytes gauge
node_memory_ShmemPmdMapped_bytes 0
# HELP node_memory_Shmem_bytes Memory information field Shmem_bytes.
# TYPE node_memory_Shmem_bytes gauge
node_memory_Shmem_bytes 4.1291776e+07
# HELP node_memory_Slab_bytes Memory information field Slab_bytes.
# TYPE node_memory_Slab_bytes gauge
node_memory_Slab_bytes 2.06188544e+08
# HELP node_memory_SwapCached_bytes Memory information field SwapCached_bytes.
# TYPE node_memory_SwapCached_bytes gauge
node_memory_SwapCached_bytes 0
# HELP node_memory_SwapFree_bytes Memory information field SwapFree_bytes.
# TYPE node_memory_SwapFree_bytes gauge
node_memory_SwapFree_bytes 0
# HELP node_memory_SwapTotal_bytes Memory information field SwapTotal_bytes.
# TYPE node_memory_SwapTotal_bytes gauge
node_memory_SwapTotal_bytes 0
# HELP node_memory_Unevictable_bytes Memory information field Unevictable_bytes.
# TYPE node_memory_Unevictable_bytes gauge
node_memory_Unevictable_bytes 16384
# HELP node_memory_VmallocChunk_bytes Memory information field VmallocChunk_bytes.
# TYPE node_memory_VmallocChunk_bytes gauge
node_memory_VmallocChunk_bytes 0
# HELP node_memory_VmallocTotal_bytes Memory information field VmallocTotal_bytes.
# TYPE node_memory_VmallocTotal_bytes gauge
node_memory_VmallocTotal_bytes 3.5184372087808e+13
# HELP node_memory_VmallocUsed_bytes Memory information field VmallocUsed_bytes.
# TYPE node_memory_VmallocUsed_bytes gauge
node_memory_VmallocUsed_bytes 3.2661504e+07
# HELP node_memory_WritebackTmp_bytes Memory information field WritebackTmp_bytes.
# TYPE node_memory_WritebackTmp_bytes gauge
node_memory_WritebackTmp_bytes 0
# HELP node_memory_Writeback_bytes Memory information field Writeback_bytes.
# TYPE node_memory_Writeback_bytes gauge
node_memory_Writeback_bytes 0
# HELP node_memory_Zswap_bytes Memory information field Zswap_bytes.
# TYPE node_memory_Zswap_bytes gauge
node_memory_Zswap_bytes 0
# HELP node_netstat_Icmp6_InErrors Statistic Icmp6InErrors.
# TYPE node_netstat_Icmp6_InErrors untyped
node_netstat_Icmp6_InErrors 0
# HELP node_netstat_Icmp6_InMsgs Statistic Icmp6InMsgs.
# TYPE node_netstat_Icmp6_InMsgs untyped
node_netstat_Icmp6_InMsgs 0
# HELP node_netstat_Icmp6_OutMsgs Statistic Icmp6OutMsgs.
# TYPE node_netstat_Icmp6_OutMsgs untyped
node_netstat_Icmp6_OutMsgs 0
# HELP node_netstat_Icmp_InErrors Statistic IcmpInErrors.
# TYPE node_netstat_Icmp_InErrors untyped
node_netstat_Icmp_InErrors 0
# HELP node_netstat_Icmp_InMsgs Statistic IcmpInMsgs.
# TYPE node_netstat_Icmp_InMsgs untyped
node_netstat_Icmp_InMsgs 0
# HELP node_netstat_Icmp_OutMsgs Statistic IcmpOutMsgs.
# TYPE node_netstat_Icmp_OutMsgs untyped
node_netstat_Icmp_OutMsgs 0
# HELP node_netstat_Ip6_InOctets Statistic Ip6InOctets.
# TYPE node_netstat_Ip6_InOctets untyped
node_netstat_Ip6_InOctets 12186
# HELP node_netstat_Ip6_OutOctets Statistic Ip6OutOctets.
# TYPE node_netstat_Ip6_OutOctets untyped
node_netstat_Ip6_OutOctets 0
# HELP node_netstat_IpExt_InOctets Statistic IpExtInOctets.
# TYPE node_netstat_IpExt_InOctets untyped
node_netstat_IpExt_InOctets 1.007986e+06
# HELP node_netstat_IpExt_OutOctets Statistic IpExtOutOctets.
# TYPE node_netstat_IpExt_OutOctets untyped
node_netstat_IpExt_OutOctets 1.9571121e+07
# HELP node_netstat_Ip_Forwarding Statistic IpForwarding.
# TYPE node_netstat_Ip_Forwarding untyped
node_netstat_Ip_Forwarding 1
# HELP node_netstat_TcpExt_ListenDrops Statistic TcpExtListenDrops.
# TYPE node_netstat_TcpExt_ListenDrops untyped
node_netstat_TcpExt_ListenDrops 0
# HELP node_netstat_TcpExt_ListenOverflows Statistic TcpExtListenOverflows.
# TYPE node_netstat_TcpExt_ListenOverflows untyped
node_netstat_TcpExt_ListenOverflows 0
# HELP node_netstat_TcpExt_SyncookiesFailed Statistic TcpExtSyncookiesFailed.
# TYPE node_netstat_TcpExt_SyncookiesFailed untyped
node_netstat_TcpExt_SyncookiesFailed 0
# HELP node_netstat_TcpExt_SyncookiesRecv Statistic TcpExtSyncookiesRecv.
# TYPE node_netstat_TcpExt_SyncookiesRecv untyped
node_netstat_TcpExt_SyncookiesRecv 0
# HELP node_netstat_TcpExt_SyncookiesSent Statistic TcpExtSyncookiesSent.
# TYPE node_netstat_TcpExt_SyncookiesSent untyped
node_netstat_TcpExt_SyncookiesSent 0
# HELP node_netstat_TcpExt_TCPOFOQueue Statistic TcpExtTCPOFOQueue.
# TYPE node_netstat_TcpExt_TCPOFOQueue untyped
node_netstat_TcpExt_TCPOFOQueue 0
# HELP node_netstat_TcpExt_TCPRcvQDrop Statistic TcpExtTCPRcvQDrop.
# TYPE node_netstat_TcpExt_TCPRcvQDrop untyped
node_netstat_TcpExt_TCPRcvQDrop 0
# HELP node_netstat_TcpExt_TCPSynRetrans Statistic TcpExtTCPSynRetrans.
# TYPE node_netstat_TcpExt_TCPSynRetrans untyped
node_netstat_TcpExt_TCPSynRetrans 0
# HELP node_netstat_TcpExt_TCPTimeouts Statistic TcpExtTCPTimeouts.
# TYPE node_netstat_TcpExt_TCPTimeouts untyped
node_netstat_TcpExt_TCPTimeouts 0
# HELP node_netstat_Tcp_ActiveOpens Statistic TcpActiveOpens.
# TYPE node_netstat_Tcp_ActiveOpens untyped
node_netstat_Tcp_ActiveOpens 0
# HELP node_netstat_Tcp_CurrEstab Statistic TcpCurrEstab.
# TYPE node_netstat_Tcp_CurrEstab untyped
node_netstat_Tcp_CurrEstab 3
# HELP node_netstat_Tcp_InErrs Statistic TcpInErrs.
# TYPE node_netstat_Tcp_InErrs untyped
node_netstat_Tcp_InErrs 0
# HELP node_netstat_Tcp_InSegs Statistic TcpInSegs.
# TYPE node_netstat_Tcp_InSegs untyped
node_netstat_Tcp_InSegs 7116
# HELP node_netstat_Tcp_OutRsts Statistic TcpOutRsts.
# TYPE node_netstat_Tcp_OutRsts untyped
node_netstat_Tcp_OutRsts 0
# HELP node_netstat_Tcp_OutSegs Statistic TcpOutSegs.
# TYPE node_netstat_Tcp_OutSegs untyped
node_netstat_Tcp_OutSegs 14247
# HELP node_netstat_Tcp_PassiveOpens Statistic TcpPassiveOpens.
# TYPE node_netstat_Tcp_PassiveOpens untyped
node_netstat_Tcp_PassiveOpens 16
# HELP node_netstat_Tcp_RetransSegs Statistic TcpRetransSegs.
# TYPE node_netstat_Tcp_RetransSegs untyped
node_netstat_Tcp_RetransSegs 46
# HELP node_netstat_Udp6_InDatagrams Statistic Udp6InDatagrams.
# TYPE node_netstat_Udp6_InDatagrams untyped
node_netstat_Udp6_InDatagrams 0
# HELP node_netstat_Udp6_InErrors Statistic Udp6InErrors.
# TYPE node_netstat_Udp6_InErrors untyped
node_netstat_Udp6_InErrors 0
# HELP node_netstat_Udp6_NoPorts Statistic Udp6NoPorts.
# TYPE node_netstat_Udp6_NoPorts untyped
node_netstat_Udp6_NoPorts 0
# HELP node_netstat_Udp6_OutDatagrams Statistic Udp6OutDatagrams.
# TYPE node_netstat_Udp6_OutDatagrams untyped
node_netstat_Udp6_OutDatagrams 0
# HELP node_netstat_Udp6_RcvbufErrors Statistic Udp6RcvbufErrors.
# TYPE node_netstat_Udp6_RcvbufErrors untyped
node_netstat_Udp6_RcvbufErrors 0
# HELP node_netstat_Udp6_SndbufErrors Statistic Udp6SndbufErrors.
# TYPE node_netstat_Udp6_SndbufErrors untyped
node_netstat_Udp6_SndbufErrors 0
# HELP node_netstat_UdpLite6_InErrors Statistic UdpLite6InErrors.
# TYPE node_netstat_UdpLite6_InErrors untyped
node_netstat_UdpLite6_InErrors 0
# HELP node_netstat_UdpLite_InErrors Statistic UdpLiteInErrors.
# TYPE node_netstat_UdpLite_InErrors untyped
node_netstat_UdpLite_InErrors 0
# HELP node_netstat_Udp_InDatagrams Statistic UdpInDatagrams.
# TYPE node_netstat_Udp_InDatagrams untyped
node_netstat_Udp_InDatagrams 0
# HELP node_netstat_Udp_InErrors Statistic UdpInErrors.
# TYPE node_netstat_Udp_InErrors untyped
node_netstat_Udp_InErrors 0
# HELP node_netstat_Udp_NoPorts Statistic UdpNoPorts.
# TYPE node_netstat_Udp_NoPorts untyped
node_netstat_Udp_NoPorts 0
# HELP node_netstat_Udp_OutDatagrams Statistic UdpOutDatagrams.
# TYPE node_netstat_Udp_OutDatagrams untyped
node_netstat_Udp_OutDatagrams 0
# HELP node_netstat_Udp_RcvbufErrors Statistic UdpRcvbufErrors.
# TYPE node_netstat_Udp_RcvbufErrors untyped
node_netstat_Udp_RcvbufErrors 0
# HELP node_netstat_Udp_SndbufErrors Statistic UdpSndbufErrors.
# TYPE node_netstat_Udp_SndbufErrors untyped
node_netstat_Udp_SndbufErrors 0
# HELP node_network_address_assign_type Network device property: address_assign_type
# TYPE node_network_address_assign_type gauge
node_network_address_assign_type{device="eth0"} 3
node_network_address_assign_type{device="lo"} 0
# HELP node_network_carrier Network device property: carrier
# TYPE node_network_carrier gauge
node_network_carrier{device="eth0"} 1
node_network_carrier{device="lo"} 1
# HELP node_network_carrier_changes_total Network device property: carrier_changes_total
# TYPE node_network_carrier_changes_total counter
node_network_carrier_changes_total{device="eth0"} 2
node_network_carrier_changes_total{device="lo"} 0
# HELP node_network_carrier_down_changes_total Network device property: carrier_down_changes_total
# TYPE node_network_carrier_down_changes_total counter
node_network_carrier_down_changes_total{device="eth0"} 1
node_network_carrier_down_changes_total{device="lo"} 0
# HELP node_network_carrier_up_changes_total Network device property: carrier_up_changes_total
# TYPE node_network_carrier_up_changes_total counter
node_network_carrier_up_changes_total{device="eth0"} 1
node_network_carrier_up_changes_total{device="lo"} 0
# HELP node_network_device_id Network device property: device_id
# TYPE node_network_device_id gauge
node_network_device_id{device="eth0"} 0
node_network_device_id{device="lo"} 0
# HELP node_network_dormant Network device property: dormant
# TYPE node_network_dormant gauge
node_network_dormant{device="eth0"} 0
node_network_dormant{device="lo"} 0
# HELP node_network_flags Network device property: flags
# TYPE node_network_flags gauge
node_network_flags{device="eth0"} 4099
node_network_flags{device="lo"} 9
# HELP node_network_iface_id Network device property: iface_id
# TYPE node_network_iface_id gauge
node_network_iface_id{device="eth0"} 2
node_network_iface_id{device="lo"} 1
# HELP node_network_iface_link Network device property: iface_link
# TYPE node_network_iface_link gauge
node_network_iface_link{device="eth0"} 8
node_network_iface_link{device="lo"} 1
# HELP node_network_iface_link_mode Network device property: iface_link_mode
# TYPE node_network_iface_link_mode gauge
node_network_iface_link_mode{device="eth0"} 0
node_network_iface_link_mode{device="lo"} 0
# HELP node_network_info Non-numeric data from /sys/class/net/<iface>, value is always 1.
# TYPE node_network_info gauge
node_network_info{address="00:00:00:00:00:00",adminstate="up",broadcast="00:00:00:00:00:00",device="lo",duplex="",ifalias="",operstate="unknown"} 1
node_network_info{address="66:b5:9b:a3:82:60",adminstate="up",broadcast="ff:ff:ff:ff:ff:ff",device="eth0",duplex="full",ifalias="",operstate="up"} 1
# HELP node_network_mtu_bytes Network device property: mtu_bytes
# TYPE node_network_mtu_bytes gauge
node_network_mtu_bytes{device="eth0"} 1500
node_network_mtu_bytes{device="lo"} 65536
# HELP node_network_name_assign_type Network device property: name_assign_type
# TYPE node_network_name_assign_type gauge
node_network_name_assign_type{device="eth0"} 4
node_network_name_assign_type{device="lo"} 2
# HELP node_network_net_dev_group Network device property: net_dev_group
# TYPE node_network_net_dev_group gauge
node_network_net_dev_group{device="eth0"} 0
node_network_net_dev_group{device="lo"} 0
# HELP node_network_protocol_type Network device property: protocol_type
# TYPE node_network_protocol_type gauge
node_network_protocol_type{device="eth0"} 1
node_network_protocol_type{device="lo"} 772
# HELP node_network_receive_bytes_total Network device statistic receive_bytes.
# TYPE node_network_receive_bytes_total counter
node_network_receive_bytes_total{device="eth0"} 1.132144e+06
node_network_receive_bytes_total{device="lo"} 0
# HELP node_network_receive_compressed_total Network device statistic receive_compressed.
# TYPE node_network_receive_compressed_total counter
node_network_receive_compressed_total{device="eth0"} 0
node_network_receive_compressed_total{device="lo"} 0
# HELP node_network_receive_drop_total Network device statistic receive_drop.
# TYPE node_network_receive_drop_total counter
node_network_receive_drop_total{device="eth0"} 0
node_network_receive_drop_total{device="lo"} 0
# HELP node_network_receive_errs_total Network device statistic receive_errs.
# TYPE node_network_receive_errs_total counter
node_network_receive_errs_total{device="eth0"} 0
node_network_receive_errs_total{device="lo"} 0
# HELP node_network_receive_fifo_total Network device statistic receive_fifo.
# TYPE node_network_receive_fifo_total counter
node_network_receive_fifo_total{device="eth0"} 0
node_network_receive_fifo_total{device="lo"} 0
# HELP node_network_receive_frame_total Network device statistic receive_frame.
# TYPE node_network_receive_frame_total counter
node_network_receive_frame_total{device="eth0"} 0
node_network_receive_frame_total{device="lo"} 0
# HELP node_network_receive_multicast_total Network device statistic receive_multicast.
# TYPE node_network_receive_multicast_total counter
node_network_receive_multicast_total{device="eth0"} 0
node_network_receive_multicast_total{device="lo"} 0
# HELP node_network_receive_nohandler_total Network device statistic receive_nohandler.
# TYPE node_network_receive_nohandler_total counter
node_network_receive_nohandler_total{device="eth0"} 0
node_network_receive_nohandler_total{device="lo"} 0
# HELP node_network_receive_packets_total Network device statistic receive_packets.
# TYPE node_network_receive_packets_total counter
node_network_receive_packets_total{device="eth0"} 7516
node_network_receive_packets_total{device="lo"} 0
# HELP node_network_speed_bytes Network device property: speed_bytes
# TYPE node_network_speed_bytes gauge
node_network_speed_bytes{device="eth0"} 1.25e+09
# HELP node_network_transmit_bytes_total Network device statistic transmit_bytes.
# TYPE node_network_transmit_bytes_total counter
node_network_transmit_bytes_total{device="eth0"} 1.9659335e+07
node_network_transmit_bytes_total{device="lo"} 0
# HELP node_network_transmit_carrier_total Network device statistic transmit_carrier.
# TYPE node_network_transmit_carrier_total counter
node_network_transmit_carrier_total{device="eth0"} 0
node_network_transmit_carrier_total{device="lo"} 0
# HELP node_network_transmit_colls_total Network device statistic transmit_colls.
# TYPE node_network_transmit_colls_total counter
node_network_transmit_colls_total{device="eth0"} 0
node_network_transmit_colls_total{device="lo"} 0
# HELP node_network_transmit_compressed_total Network device statistic transmit_compressed.
# TYPE node_network_transmit_compressed_total counter
node_network_transmit_compressed_total{device="eth0"} 0
node_network_transmit_compressed_total{device="lo"} 0
# HELP node_network_transmit_drop_total Network device statistic transmit_drop.
# TYPE node_network_transmit_drop_total counter
node_network_transmit_drop_total{device="eth0"} 0
node_network_transmit_drop_total{device="lo"} 0
# HELP node_network_transmit_errs_total Network device statistic transmit_errs.
# TYPE node_network_transmit_errs_total counter
node_network_transmit_errs_total{device="eth0"} 0
node_network_transmit_errs_total{device="lo"} 0
# HELP node_network_transmit_fifo_total Network device statistic transmit_fifo.
# TYPE node_network_transmit_fifo_total counter
node_network_transmit_fifo_total{device="eth0"} 0
node_network_transmit_fifo_total{device="lo"} 0
# HELP node_network_transmit_packets_total Network device statistic transmit_packets.
# TYPE node_network_transmit_packets_total counter
node_network_transmit_packets_total{device="eth0"} 5813
node_network_transmit_packets_total{device="lo"} 0
# HELP node_network_transmit_queue_length Network device property: transmit_queue_length
# TYPE node_network_transmit_queue_length gauge
node_network_transmit_queue_length{device="eth0"} 0
node_network_transmit_queue_length{device="lo"} 1000
# HELP node_network_up Value is 1 if operstate is 'up', 0 otherwise.
# TYPE node_network_up gauge
node_network_up{device="eth0"} 1
node_network_up{device="lo"} 0
# HELP node_nf_conntrack_entries Number of currently allocated flow entries for connection tracking.
# TYPE node_nf_conntrack_entries gauge
node_nf_conntrack_entries 4
# HELP node_nf_conntrack_entries_limit Maximum size of connection tracking table.
# TYPE node_nf_conntrack_entries_limit gauge
node_nf_conntrack_entries_limit 65536
# HELP node_power_supply_capacity capacity value of /sys/class/power_supply/<power_supply>.
# TYPE node_power_supply_capacity gauge
node_power_supply_capacity{power_supply="BAT0"} 68
# HELP node_power_supply_cyclecount cyclecount value of /sys/class/power_supply/<power_supply>.
# TYPE node_power_supply_cyclecount gauge
node_power_supply_cyclecount{power_supply="BAT0"} 0
# HELP node_power_supply_energy_full energy_full value of /sys/class/power_supply/<power_supply>.
# TYPE node_power_supply_energy_full gauge
node_power_supply_energy_full{power_supply="BAT0"} 50
# HELP node_power_supply_energy_full_design energy_full_design value of /sys/class/power_supply/<power_supply>.
# TYPE node_power_supply_energy_full_design gauge
node_power_supply_energy_full_design{power_supply="BAT0"} 50
# HELP node_power_supply_energy_watthour energy_watthour value of /sys/class/power_supply/<power_supply>.
# TYPE node_power_supply_energy_watthour gauge
node_power_supply_energy_watthour{power_supply="BAT0"} 34
# HELP node_power_supply_info info of /sys/class/power_supply/<power_supply>.
# TYPE node_power_supply_info gauge
node_power_supply_info{power_supply="AC",type="Mains"} 1
node_power_supply_info{capacity_level="Normal",manufacturer="innotek",model_name="1",power_supply="BAT0",serial_number="0",status="Discharging",technology="Unknown",type="Battery"} 1
# HELP node_power_supply_online online value of /sys/class/power_supply/<power_supply>.
# TYPE node_power_supply_online gauge
node_power_supply_online{power_supply="AC"} 0
# HELP node_power_supply_present present value of /sys/class/power_supply/<power_supply>.
# TYPE node_power_supply_present gauge
node_power_supply_present{power_supply="BAT0"} 1
# HELP node_power_supply_voltage_min_design voltage_min_design value of /sys/class/power_supply/<power_supply>.
# TYPE node_power_supply_voltage_min_design gauge
node_power_supply_voltage_min_design{power_supply="BAT0"} 10
# HELP node_power_supply_voltage_volt voltage_volt value of /sys/class/power_supply/<power_supply>.
# TYPE node_power_supply_voltage_volt gauge
node_power_supply_voltage_volt{power_supply="BAT0"} 10
# HELP node_pressure_cpu_waiting_seconds_total Total time in seconds that processes have waited for CPU time
# TYPE node_pressure_cpu_waiting_seconds_total counter
node_pressure_cpu_waiting_seconds_total 214.890355
# HELP node_pressure_io_stalled_seconds_total Total time in seconds no process could make progress due to IO congestion
# TYPE node_pressure_io_stalled_seconds_total counter
node_pressure_io_stalled_seconds_total 11.24937
# HELP node_pressure_io_waiting_seconds_total Total time in seconds that processes have waited due to IO congestion
# TYPE node_pressure_io_waiting_seconds_total counter
node_pressure_io_waiting_seconds_total 31.681943
# HELP node_pressure_memory_stalled_seconds_total Total time in seconds no process could make progress due to memory congestion
# TYPE node_pressure_memory_stalled_seconds_total counter
node_pressure_memory_stalled_seconds_total 0.181397
# HELP node_pressure_memory_waiting_seconds_total Total time in seconds that processes have waited for memory
# TYPE node_pressure_memory_waiting_seconds_total counter
node_pressure_memory_waiting_seconds_total 0.322301
# HELP node_procs_blocked Number of processes blocked waiting for I/O to complete.
# TYPE node_procs_blocked gauge
node_procs_blocked 0
# HELP node_procs_running Number of processes in runnable state.
# TYPE node_procs_running gauge
node_procs_running 1
# HELP node_schedstat_running_seconds_total Number of seconds CPU spent running a process.
# TYPE node_schedstat_running_seconds_total counter
node_schedstat_running_seconds_total{cpu="0"} 411.762708249
node_schedstat_running_seconds_total{cpu="1"} 337.24639439
# HELP node_schedstat_timeslices_total Number of timeslices executed by CPU.
# TYPE node_schedstat_timeslices_total counter
node_schedstat_timeslices_total{cpu="0"} 1.021764e+06
node_schedstat_timeslices_total{cpu="1"} 819906
# HELP node_schedstat_waiting_seconds_total Number of seconds spent by processing waiting for this CPU.
# TYPE node_schedstat_waiting_seconds_total counter
node_schedstat_waiting_seconds_total{cpu="0"} 1088.788694331
node_schedstat_waiting_seconds_total{cpu="1"} 863.403511752
# HELP node_scrape_collector_duration_seconds node_exporter: Duration of a collector scrape.
# TYPE node_scrape_collector_duration_seconds gauge
node_scrape_collector_duration_seconds{collector="arp"} 0.000313885
node_scrape_collector_duration_seconds{collector="bcache"} 2.5623e-05
node_scrape_collector_duration_seconds{collector="bonding"} 2.2328e-05
node_scrape_collector_duration_seconds{collector="btrfs"} 0.000457117
node_scrape_collector_duration_seconds{collector="conntrack"} 0.000100378
node_scrape_collector_duration_seconds{collector="cpu"} 0.002065992
node_scrape_collector_duration_seconds{collector="cpufreq"} 8.2056e-05
node_scrape_collector_duration_seconds{collector="diskstats"} 0.00306146
node_scrape_collector_duration_seconds{collector="dmi"} 1.6217e-05
node_scrape_collector_duration_seconds{collector="edac"} 3.5951e-05
node_scrape_collector_duration_seconds{collector="entropy"} 0.000472128
node_scrape_collector_duration_seconds{collector="fibrechannel"} 1.0211e-05
node_scrape_collector_duration_seconds{collector="filefd"} 4.6642e-05
node_scrape_collector_duration_seconds{collector="filesystem"} 0.002677284
node_scrape_collector_duration_seconds{collector="hwmon"} 0.004710929
node_scrape_collector_duration_seconds{collector="infiniband"} 8.765e-06
node_scrape_collector_duration_seconds{collector="ipvs"} 2.6494e-05
node_scrape_collector_duration_seconds{collector="loadavg"} 0.000557664
node_scrape_collector_duration_seconds{collector="mdadm"} 0.000110066
node_scrape_collector_duration_seconds{collector="meminfo"} 0.000192857
node_scrape_collector_duration_seconds{collector="netclass"} 0.003009968
node_scrape_collector_duration_seconds{collector="netdev"} 0.000236952
node_scrape_collector_duration_seconds{collector="netstat"} 0.002512177
node_scrape_collector_duration_seconds{collector="nfs"} 1.5002e-05
node_scrape_collector_duration_seconds{collector="nfsd"} 3.1667e-05
node_scrape_collector_duration_seconds{collector="nvme"} 1.827e-05
node_scrape_collector_duration_seconds{collector="os"} 0.000540538
node_scrape_collector_duration_seconds{collector="powersupplyclass"} 0.010277098
node_scrape_collector_duration_seconds{collector="pressure"} 0.00016601
node_scrape_collector_duration_seconds{collector="rapl"} 3.1251e-05
node_scrape_collector_duration_seconds{collector="schedstat"} 0.000104748
node_scrape_collector_duration_seconds{collector="selinux"} 2.208e-06
node_scrape_collector_duration_seconds{collector="sockstat"} 0.000247895
node_scrape_collector_duration_seconds{collector="softnet"} 0.000215044
node_scrape_collector_duration_seconds{collector="stat"} 0.000484592
node_scrape_collector_duration_seconds{collector="tapestats"} 1.1757e-05
node_scrape_collector_duration_seconds{collector="textfile"} 1.7521e-05
node_scrape_collector_duration_seconds{collector="thermal_zone"} 0.00050494
node_scrape_collector_duration_seconds{collector="time"} 0.000130068
node_scrape_collector_duration_seconds{collector="timex"} 1.7304e-05
node_scrape_collector_duration_seconds{collector="udp_queues"} 0.000402896
node_scrape_collector_duration_seconds{collector="uname"} 1.3285e-05
node_scrape_collector_duration_seconds{collector="vmstat"} 0.000191579
node_scrape_collector_duration_seconds{collector="watchdog"} 7.9235e-05
node_scrape_collector_duration_seconds{collector="xfs"} 1.6249e-05
node_scrape_collector_duration_seconds{collector="zfs"} 5.6299e-05
# HELP node_scrape_collector_success node_exporter: Whether a collector succeeded.
# TYPE node_scrape_collector_success gauge
node_scrape_collector_success{collector="arp"} 1
node_scrape_collector_success{collector="bcache"} 1
node_scrape_collector_success{collector="bonding"} 0
node_scrape_collector_success{collector="btrfs"} 1
node_scrape_collector_success{collector="conntrack"} 0
node_scrape_collector_success{collector="cpu"} 1
node_scrape_collector_success{collector="cpufreq"} 1
node_scrape_collector_success{collector="diskstats"} 1
node_scrape_collector_success{collector="dmi"} 1
node_scrape_collector_success{collector="edac"} 1
node_scrape_collector_success{collector="entropy"} 1
node_scrape_collector_success{collector="fibrechannel"} 0
node_scrape_collector_success{collector="filefd"} 1
node_scrape_collector_success{collector="filesystem"} 1
node_scrape_collector_success{collector="hwmon"} 1
node_scrape_collector_success{collector="infiniband"} 0
node_scrape_collector_success{collector="ipvs"} 0
node_scrape_collector_success{collector="loadavg"} 1
node_scrape_collector_success{collector="mdadm"} 1
node_scrape_collector_success{collector="meminfo"} 1
node_scrape_collector_success{collector="netclass"} 1
node_scrape_collector_success{collector="netdev"} 1
node_scrape_collector_success{collector="netstat"} 1
node_scrape_collector_success{collector="nfs"} 0
node_scrape_collector_success{collector="nfsd"} 0
node_scrape_collector_success{collector="nvme"} 0
node_scrape_collector_success{collector="os"} 0
node_scrape_collector_success{collector="powersupplyclass"} 1
node_scrape_collector_success{collector="pressure"} 1
node_scrape_collector_success{collector="rapl"} 1
node_scrape_collector_success{collector="schedstat"} 1
node_scrape_collector_success{collector="selinux"} 1
node_scrape_collector_success{collector="sockstat"} 1
node_scrape_collector_success{collector="softnet"} 1
node_scrape_collector_success{collector="stat"} 1
node_scrape_collector_success{collector="tapestats"} 0
node_scrape_collector_success{collector="textfile"} 1
node_scrape_collector_success{collector="thermal_zone"} 1
node_scrape_collector_success{collector="time"} 1
node_scrape_collector_success{collector="timex"} 1
node_scrape_collector_success{collector="udp_queues"} 1
node_scrape_collector_success{collector="uname"} 1
node_scrape_collector_success{collector="vmstat"} 1
node_scrape_collector_success{collector="watchdog"} 1
node_scrape_collector_success{collector="xfs"} 1
node_scrape_collector_success{collector="zfs"} 0
# HELP node_selinux_enabled SELinux is enabled, 1 is true, 0 is false
# TYPE node_selinux_enabled gauge
node_selinux_enabled 0
# HELP node_sockstat_FRAG6_inuse Number of FRAG6 sockets in state inuse.
# TYPE node_sockstat_FRAG6_inuse gauge
node_sockstat_FRAG6_inuse 0
# HELP node_sockstat_FRAG6_memory Number of FRAG6 sockets in state memory.
# TYPE node_sockstat_FRAG6_memory gauge
node_sockstat_FRAG6_memory 0
# HELP node_sockstat_FRAG_inuse Number of FRAG sockets in state inuse.
# TYPE node_sockstat_FRAG_inuse gauge
node_sockstat_FRAG_inuse 0
# HELP node_sockstat_FRAG_memory Number of FRAG sockets in state memory.
# TYPE node_sockstat_FRAG_memory gauge
node_sockstat_FRAG_memory 0
# HELP node_sockstat_RAW6_inuse Number of RAW6 sockets in state inuse.
# TYPE node_sockstat_RAW6_inuse gauge
node_sockstat_RAW6_inuse 0
# HELP node_sockstat_RAW_inuse Number of RAW sockets in state inuse.
# TYPE node_sockstat_RAW_inuse gauge
node_sockstat_RAW_inuse 0
# HELP node_sockstat_TCP6_inuse Number of TCP6 sockets in state inuse.
# TYPE node_sockstat_TCP6_inuse gauge
node_sockstat_TCP6_inuse 3
# HELP node_sockstat_TCP_alloc Number of TCP sockets in state alloc.
# TYPE node_sockstat_TCP_alloc gauge
node_sockstat_TCP_alloc 18
# HELP node_sockstat_TCP_inuse Number of TCP sockets in state inuse.
# TYPE node_sockstat_TCP_inuse gauge
node_sockstat_TCP_inuse 1
# HELP node_sockstat_TCP_mem Number of TCP sockets in state mem.
# TYPE node_sockstat_TCP_mem gauge
node_sockstat_TCP_mem 24
# HELP node_sockstat_TCP_mem_bytes Number of TCP sockets in state mem_bytes.
# TYPE node_sockstat_TCP_mem_bytes gauge
node_sockstat_TCP_mem_bytes 98304
# HELP node_sockstat_TCP_orphan Number of TCP sockets in state orphan.
# TYPE node_sockstat_TCP_orphan gauge
node_sockstat_TCP_orphan 0
# HELP node_sockstat_TCP_tw Number of TCP sockets in state tw.
# TYPE node_sockstat_TCP_tw gauge
node_sockstat_TCP_tw 0
# HELP node_sockstat_UDP6_inuse Number of UDP6 sockets in state inuse.
# TYPE node_sockstat_UDP6_inuse gauge
node_sockstat_UDP6_inuse 0
# HELP node_sockstat_UDPLITE6_inuse Number of UDPLITE6 sockets in state inuse.
# TYPE node_sockstat_UDPLITE6_inuse gauge
node_sockstat_UDPLITE6_inuse 0
# HELP node_sockstat_UDPLITE_inuse Number of UDPLITE sockets in state inuse.
# TYPE node_sockstat_UDPLITE_inuse gauge
node_sockstat_UDPLITE_inuse 0
# HELP node_sockstat_UDP_inuse Number of UDP sockets in state inuse.
# TYPE node_sockstat_UDP_inuse gauge
node_sockstat_UDP_inuse 1
# HELP node_sockstat_UDP_mem Number of UDP sockets in state mem.
# TYPE node_sockstat_UDP_mem gauge
node_sockstat_UDP_mem 0
# HELP node_sockstat_UDP_mem_bytes Number of UDP sockets in state mem_bytes.
# TYPE node_sockstat_UDP_mem_bytes gauge
node_sockstat_UDP_mem_bytes 0
# HELP node_sockstat_sockets_used Number of IPv4 sockets in use.
# TYPE node_sockstat_sockets_used gauge
node_sockstat_sockets_used 9
# HELP node_softnet_backlog_len Softnet backlog status
# TYPE node_softnet_backlog_len gauge
node_softnet_backlog_len{cpu="0"} 0
node_softnet_backlog_len{cpu="1"} 0
# HELP node_softnet_cpu_collision_total Number of collision occur while obtaining device lock while transmitting
# TYPE node_softnet_cpu_collision_total counter
node_softnet_cpu_collision_total{cpu="0"} 0
node_softnet_cpu_collision_total{cpu="1"} 0
# HELP node_softnet_dropped_total Number of dropped packets
# TYPE node_softnet_dropped_total counter
node_softnet_dropped_total{cpu="0"} 0
node_softnet_dropped_total{cpu="1"} 0
# HELP node_softnet_flow_limit_count_total Number of times flow limit has been reached
# TYPE node_softnet_flow_limit_count_total counter
node_softnet_flow_limit_count_total{cpu="0"} 0
node_softnet_flow_limit_count_total{cpu="1"} 0
# HELP node_softnet_processed_total Number of processed packets
# TYPE node_softnet_processed_total counter
node_softnet_processed_total{cpu="0"} 27530
node_softnet_processed_total{cpu="1"} 112632
# HELP node_softnet_received_rps_total Number of times cpu woken up received_rps
# TYPE node_softnet_received_rps_total counter
node_softnet_received_rps_total{cpu="0"} 0
node_softnet_received_rps_total{cpu="1"} 0
# HELP node_softnet_times_squeezed_total Number of times processing packets ran out of quota
# TYPE node_softnet_times_squeezed_total counter
node_softnet_times_squeezed_total{cpu="0"} 965
node_softnet_times_squeezed_total{cpu="1"} 10482
# HELP node_textfile_scrape_error 1 if there was an error opening or reading a file, 0 otherwise
# TYPE node_textfile_scrape_error gauge
node_textfile_scrape_error 0
# HELP node_time_clocksource_available_info Available clocksources read from '/sys/devices/system/clocksource'.
# TYPE node_time_clocksource_available_info gauge
node_time_clocksource_available_info{clocksource="acpi_pm",device="0"} 1
node_time_clocksource_available_info{clocksource="kvm-clock",device="0"} 1
node_time_clocksource_available_info{clocksource="tsc",device="0"} 1
# HELP node_time_clocksource_current_info Current clocksource read from '/sys/devices/system/clocksource'.
# TYPE node_time_clocksource_current_info gauge
node_time_clocksource_current_info{clocksource="tsc",device="0"} 1
# HELP node_time_seconds System time in seconds since epoch (1970).
# TYPE node_time_seconds gauge
node_time_seconds 1.7750571272313068e+09
# HELP node_time_zone_offset_seconds System time zone offset in seconds.
# TYPE node_time_zone_offset_seconds gauge
node_time_zone_offset_seconds{time_zone="UTC"} 0
# HELP node_timex_estimated_error_seconds Estimated error in seconds.
# TYPE node_timex_estimated_error_seconds gauge
node_timex_estimated_error_seconds 16
# HELP node_timex_frequency_adjustment_ratio Local clock frequency adjustment.
# TYPE node_timex_frequency_adjustment_ratio gauge
node_timex_frequency_adjustment_ratio 1
# HELP node_timex_loop_time_constant Phase-locked loop time constant.
# TYPE node_timex_loop_time_constant gauge
node_timex_loop_time_constant 2
# HELP node_timex_maxerror_seconds Maximum error in seconds.
# TYPE node_timex_maxerror_seconds gauge
node_timex_maxerror_seconds 16
# HELP node_timex_offset_seconds Time offset in between local system and reference clock.
# TYPE node_timex_offset_seconds gauge
node_timex_offset_seconds 0
# HELP node_timex_pps_calibration_total Pulse per second count of calibration intervals.
# TYPE node_timex_pps_calibration_total counter
node_timex_pps_calibration_total 0
# HELP node_timex_pps_error_total Pulse per second count of calibration errors.
# TYPE node_timex_pps_error_total counter
node_timex_pps_error_total 0
# HELP node_timex_pps_frequency_hertz Pulse per second frequency.
# TYPE node_timex_pps_frequency_hertz gauge
node_timex_pps_frequency_hertz 0
# HELP node_timex_pps_jitter_seconds Pulse per second jitter.
# TYPE node_timex_pps_jitter_seconds gauge
node_timex_pps_jitter_seconds 0
# HELP node_timex_pps_jitter_total Pulse per second count of jitter limit exceeded events.
# TYPE node_timex_pps_jitter_total counter
node_timex_pps_jitter_total 0
# HELP node_timex_pps_shift_seconds Pulse per second interval duration.
# TYPE node_timex_pps_shift_seconds gauge
node_timex_pps_shift_seconds 0
# HELP node_timex_pps_stability_exceeded_total Pulse per second count of stability limit exceeded events.
# TYPE node_timex_pps_stability_exceeded_total counter
node_timex_pps_stability_exceeded_total 0
# HELP node_timex_pps_stability_hertz Pulse per second stability, average of recent frequency changes.
# TYPE node_timex_pps_stability_hertz gauge
node_timex_pps_stability_hertz 0
# HELP node_timex_status Value of the status array bits.
# TYPE node_timex_status gauge
node_timex_status 64
# HELP node_timex_sync_status Is clock synchronized to a reliable server (1 = yes, 0 = no).
# TYPE node_timex_sync_status gauge
node_timex_sync_status 0
# HELP node_timex_tai_offset_seconds International Atomic Time (TAI) offset.
# TYPE node_timex_tai_offset_seconds gauge
node_timex_tai_offset_seconds 0
# HELP node_timex_tick_seconds Seconds between clock ticks.
# TYPE node_timex_tick_seconds gauge
node_timex_tick_seconds 0.01
# HELP node_udp_queues Number of allocated memory in the kernel for UDP datagrams in bytes.
# TYPE node_udp_queues gauge
node_udp_queues{ip="v4",queue="rx"} 0
node_udp_queues{ip="v4",queue="tx"} 0
node_udp_queues{ip="v6",queue="rx"} 0
node_udp_queues{ip="v6",queue="tx"} 0
# HELP node_uname_info Labeled system information as provided by the uname system call.
# TYPE node_uname_info gauge
node_uname_info{domainname="(none)",machine="x86_64",nodename="051c60058420",release="6.17.0-14-generic",sysname="Linux",version="#14~24.04.1-Ubuntu SMP PREEMPT_DYNAMIC Thu Jan 15 15:52:10 UTC 2"} 1
# HELP node_vmstat_oom_kill /proc/vmstat information field oom_kill.
# TYPE node_vmstat_oom_kill untyped
node_vmstat_oom_kill 0
# HELP node_vmstat_pgfault /proc/vmstat information field pgfault.
# TYPE node_vmstat_pgfault untyped
node_vmstat_pgfault 2.630286e+06
# HELP node_vmstat_pgmajfault /proc/vmstat information field pgmajfault.
# TYPE node_vmstat_pgmajfault untyped
node_vmstat_pgmajfault 2972
# HELP node_vmstat_pgpgin /proc/vmstat information field pgpgin.
# TYPE node_vmstat_pgpgin untyped
node_vmstat_pgpgin 2.497907e+06
# HELP node_vmstat_pgpgout /proc/vmstat information field pgpgout.
# TYPE node_vmstat_pgpgout untyped
node_vmstat_pgpgout 284848
# HELP node_vmstat_pswpin /proc/vmstat information field pswpin.
# TYPE node_vmstat_pswpin untyped
node_vmstat_pswpin 0
# HELP node_vmstat_pswpout /proc/vmstat information field pswpout.
# TYPE node_vmstat_pswpout untyped
node_vmstat_pswpout 0
# HELP process_cpu_seconds_total Total user and system CPU time spent in seconds.
# TYPE process_cpu_seconds_total counter
process_cpu_seconds_total 58.53
# HELP process_max_fds Maximum number of open file descriptors.
# TYPE process_max_fds gauge
process_max_fds 524287
# HELP process_network_receive_bytes_total Number of bytes received by the process over the network.
# TYPE process_network_receive_bytes_total counter
process_network_receive_bytes_total 1.007986e+06
# HELP process_network_transmit_bytes_total Number of bytes sent by the process over the network.
# TYPE process_network_transmit_bytes_total counter
process_network_transmit_bytes_total 1.9571121e+07
# HELP process_open_fds Number of open file descriptors.
# TYPE process_open_fds gauge
process_open_fds 9
# HELP process_resident_memory_bytes Resident memory size in bytes.
# TYPE process_resident_memory_bytes gauge
process_resident_memory_bytes 2.3146496e+07
# HELP process_start_time_seconds Start time of the process since unix epoch in seconds.
# TYPE process_start_time_seconds gauge
process_start_time_seconds 1.77504568167e+09
# HELP process_virtual_memory_bytes Virtual memory size in bytes.
# TYPE process_virtual_memory_bytes gauge
process_virtual_memory_bytes 1.273266176e+09
# HELP process_virtual_memory_max_bytes Maximum amount of virtual memory available in bytes.
# TYPE process_virtual_memory_max_bytes gauge
process_virtual_memory_max_bytes 1.8446744073709552e+19
# HELP promhttp_metric_handler_errors_total Total number of internal errors encountered by the promhttp metric handler.
# TYPE promhttp_metric_handler_errors_total counter
promhttp_metric_handler_errors_total{cause="encoding"} 0
promhttp_metric_handler_errors_total{cause="gathering"} 0
# HELP promhttp_metric_handler_requests_in_flight Current number of scrapes being served.
# TYPE promhttp_metric_handler_requests_in_flight gauge
promhttp_metric_handler_requests_in_flight 1
# HELP promhttp_metric_handler_requests_total Total number of scrapes by HTTP status code.
# TYPE promhttp_metric_handler_requests_total counter
promhttp_metric_handler_requests_total{code="200"} 1730
promhttp_metric_handler_requests_total{code="500"} 0
promhttp_metric_handler_requests_total{code="503"} 0